Using pre-set license
Built from '2020.3/staging' branch; Version is '2020.3.11f1 (99c7afb366b3) revision 10078127'; Using compiler version '192528614'; Build Type 'Release'
OS: 'Windows 10 Home; OS build 19042.1110; Version 2009; 64bit' Language: 'ru' Physical Memory: 8139 MB
BatchMode: 1, IsHumanControllingUs: 0, StartBugReporterOnCrash: 0, Is64bit: 1, IsPro: 0

 COMMAND LINE ARGUMENTS:
C:\Program Files\Unity\Hub\Editor\2020.3.11f1\Editor\Unity.exe
-adb2
-batchMode
-noUpm
-name
AssetImportWorker0
-projectPath
D:/GitHub/Repos/Data-Persistence
-logFile
Logs/AssetImportWorker0.log
-srvPort
61847
Successfully changed project path to: D:/GitHub/Repos/Data-Persistence
D:/GitHub/Repos/Data-Persistence
Using Asset Import Pipeline V2.
Refreshing native plugins compatible for Editor in 76.66 ms, found 2 plugins.
Preloading 0 native plugins for Editor in 0.00 ms.
Initialize engine version: 2020.3.11f1 (99c7afb366b3)
[Subsystems] Discovering subsystems at path C:/Program Files/Unity/Hub/Editor/2020.3.11f1/Editor/Data/Resources/UnitySubsystems
[Subsystems] Discovering subsystems at path D:/GitHub/Repos/Data-Persistence/Assets
GfxDevice: creating device client; threaded=0
Direct3D:
    Version:  Direct3D 11.0 [level 11.1]
    Renderer: NVIDIA GeForce GTX 1050 (ID=0x1c81)
    Vendor:   
    VRAM:     1977 MB
    Driver:   27.21.14.5751
Shader 'Universal Render Pipeline/Particles/Lit': fallback shader 'Universal Render Pipeline/Particles/SimpleLit' not found
Initialize mono
Mono path[0] = 'C:/Program Files/Unity/Hub/Editor/2020.3.11f1/Editor/Data/Managed'
Mono path[1] = 'C:/Program Files/Unity/Hub/Editor/2020.3.11f1/Editor/Data/MonoBleedingEdge/lib/mono/unityjit'
Mono config path = 'C:/Program Files/Unity/Hub/Editor/2020.3.11f1/Editor/Data/MonoBleedingEdge/etc'
Using monoOptions --debugger-agent=transport=dt_socket,embedding=1,server=y,suspend=n,address=127.0.0.1:56444
Begin MonoManager ReloadAssembly
Registering precompiled unity dll's ...
Register platform support module: C:/Program Files/Unity/Hub/Editor/2020.3.11f1/Editor/Data/PlaybackEngines/WebGLSupport/UnityEditor.WebGL.Extensions.dll
Register platform support module: C:/Program Files/Unity/Hub/Editor/2020.3.11f1/Editor/Data/PlaybackEngines/WindowsStandaloneSupport/UnityEditor.WindowsStandalone.Extensions.dll
Registered in 0.003957 seconds.
Native extension for WindowsStandalone target not found
Native extension for WebGL target not found
Refreshing native plugins compatible for Editor in 58.61 ms, found 2 plugins.
Preloading 0 native plugins for Editor in 0.00 ms.
Mono: successfully reloaded assembly
- Completed reload, in  2.946 seconds
Platform modules already initialized, skipping
Registering precompiled user dll's ...
Registered in 0.003488 seconds.
Begin MonoManager ReloadAssembly
Native extension for WindowsStandalone target not found
Native extension for WebGL target not found
Refreshing native plugins compatible for Editor in 64.84 ms, found 2 plugins.
Preloading 0 native plugins for Editor in 0.00 ms.
Mono: successfully reloaded assembly
- Completed reload, in  1.503 seconds
Platform modules already initialized, skipping
========================================================================
Worker process is ready to serve import requests
Shader 'Universal Render Pipeline/Particles/Lit': fallback shader 'Universal Render Pipeline/Particles/SimpleLit' not found
Launched and connected shader compiler UnityShaderCompiler.exe after 0.05 seconds
Refreshing native plugins compatible for Editor in 0.50 ms, found 2 plugins.
Preloading 0 native plugins for Editor in 0.00 ms.
Unloading 2708 Unused Serialized files (Serialized files now loaded: 0)
System memory in use before: 124.9 MB.
System memory in use after: 125.1 MB.

Unloading 19 unused Assets to reduce memory usage. Loaded Objects now: 3146.
Total: 2.808700 ms (FindLiveObjects: 0.336500 ms CreateObjectMapping: 0.081200 ms MarkObjects: 2.302200 ms  DeleteObjects: 0.087500 ms)

========================================================================
Received Import Request.
  path: Assets/Scripts/MenuManager.cs
  artifactKey: Guid(67f415477ddb743409befd1e18ac33ab) Importer(815301076,1909f56bfc062723c751e8b465ee728b)
Start importing Assets/Scripts/MenuManager.cs using Guid(67f415477ddb743409befd1e18ac33ab) Importer(815301076,1909f56bfc062723c751e8b465ee728b)  -> (artifact id: '7894a311f2d2c51365380d9ff221a581') in 0.050271 seconds
  Import took 0.055920 seconds .

========================================================================
Received Prepare
Registering precompiled user dll's ...
Registered in 0.004019 seconds.
Begin MonoManager ReloadAssembly
Native extension for WindowsStandalone target not found
Native extension for WebGL target not found
Refreshing native plugins compatible for Editor in 0.53 ms, found 2 plugins.
Preloading 0 native plugins for Editor in 0.00 ms.
Mono: successfully reloaded assembly
- Completed reload, in  1.413 seconds
Platform modules already initialized, skipping
Shader 'Universal Render Pipeline/Particles/Lit': fallback shader 'Universal Render Pipeline/Particles/SimpleLit' not found
Refreshing native plugins compatible for Editor in 0.53 ms, found 2 plugins.
Preloading 0 native plugins for Editor in 0.00 ms.
Unloading 2585 Unused Serialized files (Serialized files now loaded: 0)
System memory in use before: 116.6 MB.
System memory in use after: 116.8 MB.

Unloading 15 unused Assets to reduce memory usage. Loaded Objects now: 3148.
Total: 3.055600 ms (FindLiveObjects: 0.325400 ms CreateObjectMapping: 0.076700 ms MarkObjects: 2.623200 ms  DeleteObjects: 0.028400 ms)

========================================================================
Received Import Request.
  Time since last request: 190.900375 seconds.
  path: Assets/Scripts/MenuUiHandler.cs
  artifactKey: Guid(398aaef6b6526644288818c10f1e287d) Importer(815301076,1909f56bfc062723c751e8b465ee728b)
Start importing Assets/Scripts/MenuUiHandler.cs using Guid(398aaef6b6526644288818c10f1e287d) Importer(815301076,1909f56bfc062723c751e8b465ee728b)  -> (artifact id: '5262edcc1fbb66b5908bf66722762cf4') in 0.010328 seconds
  Import took 0.016381 seconds .

========================================================================
Received Import Request.
  Time since last request: 0.004434 seconds.
  path: Assets/Scripts/MenuUiHandler.cs
  artifactKey: Guid(398aaef6b6526644288818c10f1e287d) Importer(815301076,1909f56bfc062723c751e8b465ee728b)
Start importing Assets/Scripts/MenuUiHandler.cs using Guid(398aaef6b6526644288818c10f1e287d) Importer(815301076,1909f56bfc062723c751e8b465ee728b)  -> (artifact id: '5262edcc1fbb66b5908bf66722762cf4') in 0.001959 seconds
  Import took 0.006716 seconds .

========================================================================
Received Import Request.
  Time since last request: 74.352225 seconds.
  path: Assets/Scripts/MenuUiHandler.cs
  artifactKey: Guid(398aaef6b6526644288818c10f1e287d) Importer(815301076,1909f56bfc062723c751e8b465ee728b)
Start importing Assets/Scripts/MenuUiHandler.cs using Guid(398aaef6b6526644288818c10f1e287d) Importer(815301076,1909f56bfc062723c751e8b465ee728b)  -> (artifact id: '1de39c0246e701f6f3ea3b4808dc3b3b') in 0.004615 seconds
  Import took 0.010898 seconds .

========================================================================
Received Import Request.
  Time since last request: 155.147069 seconds.
  path: Assets/Scripts/MenuUiHandler.cs
  artifactKey: Guid(398aaef6b6526644288818c10f1e287d) Importer(815301076,1909f56bfc062723c751e8b465ee728b)
Start importing Assets/Scripts/MenuUiHandler.cs using Guid(398aaef6b6526644288818c10f1e287d) Importer(815301076,1909f56bfc062723c751e8b465ee728b)  -> (artifact id: '0420f32aaab23dfd42dce1272b5a16c7') in 0.007848 seconds
  Import took 0.017144 seconds .

========================================================================
Received Import Request.
  Time since last request: 0.008488 seconds.
  path: Assets/Scripts/MenuUiHandler.cs
  artifactKey: Guid(398aaef6b6526644288818c10f1e287d) Importer(815301076,1909f56bfc062723c751e8b465ee728b)
Start importing Assets/Scripts/MenuUiHandler.cs using Guid(398aaef6b6526644288818c10f1e287d) Importer(815301076,1909f56bfc062723c751e8b465ee728b)  -> (artifact id: '0420f32aaab23dfd42dce1272b5a16c7') in 0.002987 seconds
  Import took 0.008034 seconds .

========================================================================
Received Import Request.
  Time since last request: 53.868379 seconds.
  path: Assets/Scripts/MenuUiHandler.cs
  artifactKey: Guid(398aaef6b6526644288818c10f1e287d) Importer(815301076,1909f56bfc062723c751e8b465ee728b)
Start importing Assets/Scripts/MenuUiHandler.cs using Guid(398aaef6b6526644288818c10f1e287d) Importer(815301076,1909f56bfc062723c751e8b465ee728b)  -> (artifact id: 'ce708bf3ecf5cfbb37bd97e94c1d0f36') in 0.005594 seconds
  Import took 0.010661 seconds .

========================================================================
Received Import Request.
  Time since last request: 30.722074 seconds.
  path: Assets/Scripts/MenuUiHandler.cs
  artifactKey: Guid(398aaef6b6526644288818c10f1e287d) Importer(815301076,1909f56bfc062723c751e8b465ee728b)
Start importing Assets/Scripts/MenuUiHandler.cs using Guid(398aaef6b6526644288818c10f1e287d) Importer(815301076,1909f56bfc062723c751e8b465ee728b)  -> (artifact id: 'adbf4580c180dc6d2a2d826c736453fc') in 0.005318 seconds
  Import took 0.009827 seconds .

========================================================================
Received Import Request.
  Time since last request: 11.867233 seconds.
  path: Assets/Scripts/MenuUiHandler.cs
  artifactKey: Guid(398aaef6b6526644288818c10f1e287d) Importer(815301076,1909f56bfc062723c751e8b465ee728b)
Start importing Assets/Scripts/MenuUiHandler.cs using Guid(398aaef6b6526644288818c10f1e287d) Importer(815301076,1909f56bfc062723c751e8b465ee728b)  -> (artifact id: '54f83e7178c75abb97224ea147720fbf') in 0.007306 seconds
  Import took 0.014293 seconds .

========================================================================
Received Import Request.
  Time since last request: 0.000203 seconds.
  path: Assets/Scripts/MenuUiHandler.cs
  artifactKey: Guid(398aaef6b6526644288818c10f1e287d) Importer(815301076,1909f56bfc062723c751e8b465ee728b)
Start importing Assets/Scripts/MenuUiHandler.cs using Guid(398aaef6b6526644288818c10f1e287d) Importer(815301076,1909f56bfc062723c751e8b465ee728b)  -> (artifact id: '54f83e7178c75abb97224ea147720fbf') in 0.002119 seconds
  Import took 0.008563 seconds .

========================================================================
Received Prepare
Registering precompiled user dll's ...
Registered in 0.004230 seconds.
Begin MonoManager ReloadAssembly
Native extension for WindowsStandalone target not found
Native extension for WebGL target not found
Refreshing native plugins compatible for Editor in 0.57 ms, found 2 plugins.
Preloading 0 native plugins for Editor in 0.00 ms.
Mono: successfully reloaded assembly
- Completed reload, in  1.338 seconds
Platform modules already initialized, skipping
Shader 'Universal Render Pipeline/Particles/Lit': fallback shader 'Universal Render Pipeline/Particles/SimpleLit' not found
Refreshing native plugins compatible for Editor in 0.62 ms, found 2 plugins.
Preloading 0 native plugins for Editor in 0.00 ms.
Unloading 2585 Unused Serialized files (Serialized files now loaded: 0)
System memory in use before: 116.7 MB.
System memory in use after: 116.9 MB.

Unloading 14 unused Assets to reduce memory usage. Loaded Objects now: 3151.
Total: 3.095900 ms (FindLiveObjects: 0.242200 ms CreateObjectMapping: 0.074400 ms MarkObjects: 2.744700 ms  DeleteObjects: 0.032600 ms)

========================================================================
Received Import Request.
  Time since last request: 112.971622 seconds.
  path: Assets/Scripts/MenuUiHandler.cs
  artifactKey: Guid(398aaef6b6526644288818c10f1e287d) Importer(815301076,1909f56bfc062723c751e8b465ee728b)
Start importing Assets/Scripts/MenuUiHandler.cs using Guid(398aaef6b6526644288818c10f1e287d) Importer(815301076,1909f56bfc062723c751e8b465ee728b)  -> (artifact id: '46f2fea0b3bb06dcdb1030099b48285e') in 0.006426 seconds
  Import took 0.012054 seconds .

========================================================================
Received Import Request.
  Time since last request: 2.229638 seconds.
  path: Assets/Scripts/MenuUiHandler.cs
  artifactKey: Guid(398aaef6b6526644288818c10f1e287d) Importer(815301076,1909f56bfc062723c751e8b465ee728b)
Start importing Assets/Scripts/MenuUiHandler.cs using Guid(398aaef6b6526644288818c10f1e287d) Importer(815301076,1909f56bfc062723c751e8b465ee728b)  -> (artifact id: '46f2fea0b3bb06dcdb1030099b48285e') in 0.002404 seconds
  Import took 0.007440 seconds .

========================================================================
Received Import Request.
  Time since last request: 4.114689 seconds.
  path: Assets/Scenes/StartMenu.unity
  artifactKey: Guid(8c5e8c576718f1f4e87c57d48041514c) Importer(815301076,1909f56bfc062723c751e8b465ee728b)
Start importing Assets/Scenes/StartMenu.unity using Guid(8c5e8c576718f1f4e87c57d48041514c) Importer(815301076,1909f56bfc062723c751e8b465ee728b)  -> (artifact id: '8466d25c6b905435b6a7657bac2f9d76') in 0.021299 seconds
  Import took 0.026228 seconds .

========================================================================
Received Prepare
Registering precompiled user dll's ...
Registered in 0.003785 seconds.
Begin MonoManager ReloadAssembly
Native extension for WindowsStandalone target not found
Native extension for WebGL target not found
Refreshing native plugins compatible for Editor in 0.60 ms, found 2 plugins.
Preloading 0 native plugins for Editor in 0.00 ms.
Mono: successfully reloaded assembly
- Completed reload, in  1.319 seconds
Platform modules already initialized, skipping
Shader 'Universal Render Pipeline/Particles/Lit': fallback shader 'Universal Render Pipeline/Particles/SimpleLit' not found
Refreshing native plugins compatible for Editor in 0.54 ms, found 2 plugins.
Preloading 0 native plugins for Editor in 0.00 ms.
Unloading 2585 Unused Serialized files (Serialized files now loaded: 0)
System memory in use before: 116.7 MB.
System memory in use after: 116.9 MB.

Unloading 14 unused Assets to reduce memory usage. Loaded Objects now: 3154.
Total: 2.964100 ms (FindLiveObjects: 0.297300 ms CreateObjectMapping: 0.072600 ms MarkObjects: 2.565800 ms  DeleteObjects: 0.026600 ms)

========================================================================
Received Prepare
Registering precompiled user dll's ...
Registered in 0.003405 seconds.
Begin MonoManager ReloadAssembly
Native extension for WindowsStandalone target not found
Native extension for WebGL target not found
Refreshing native plugins compatible for Editor in 0.68 ms, found 2 plugins.
Preloading 0 native plugins for Editor in 0.00 ms.
Mono: successfully reloaded assembly
- Completed reload, in  1.310 seconds
Platform modules already initialized, skipping
Shader 'Universal Render Pipeline/Particles/Lit': fallback shader 'Universal Render Pipeline/Particles/SimpleLit' not found
Refreshing native plugins compatible for Editor in 0.63 ms, found 2 plugins.
Preloading 0 native plugins for Editor in 0.00 ms.
Unloading 2585 Unused Serialized files (Serialized files now loaded: 0)
System memory in use before: 116.7 MB.
System memory in use after: 116.9 MB.

Unloading 14 unused Assets to reduce memory usage. Loaded Objects now: 3157.
Total: 2.759700 ms (FindLiveObjects: 0.327400 ms CreateObjectMapping: 0.079700 ms MarkObjects: 2.329600 ms  DeleteObjects: 0.021100 ms)

========================================================================
Received Prepare
Registering precompiled user dll's ...
Registered in 0.004191 seconds.
Begin MonoManager ReloadAssembly
Native extension for WindowsStandalone target not found
Native extension for WebGL target not found
Refreshing native plugins compatible for Editor in 1.05 ms, found 2 plugins.
Preloading 0 native plugins for Editor in 0.00 ms.
Mono: successfully reloaded assembly
- Completed reload, in  1.809 seconds
Platform modules already initialized, skipping
Shader 'Universal Render Pipeline/Particles/Lit': fallback shader 'Universal Render Pipeline/Particles/SimpleLit' not found
Refreshing native plugins compatible for Editor in 1.20 ms, found 2 plugins.
Preloading 0 native plugins for Editor in 0.00 ms.
Unloading 2585 Unused Serialized files (Serialized files now loaded: 0)
System memory in use before: 116.7 MB.
System memory in use after: 117.0 MB.

Unloading 14 unused Assets to reduce memory usage. Loaded Objects now: 3160.
Total: 3.976000 ms (FindLiveObjects: 0.414600 ms CreateObjectMapping: 0.195700 ms MarkObjects: 3.336500 ms  DeleteObjects: 0.026900 ms)

========================================================================
Received Import Request.
  Time since last request: 4107.968254 seconds.
  path: Assets/Scenes/StartMenu.unity
  artifactKey: Guid(8c5e8c576718f1f4e87c57d48041514c) Importer(815301076,1909f56bfc062723c751e8b465ee728b)
Start importing Assets/Scenes/StartMenu.unity using Guid(8c5e8c576718f1f4e87c57d48041514c) Importer(815301076,1909f56bfc062723c751e8b465ee728b)  -> (artifact id: '7eadd0393f6aecff32bf79d4bb3779f3') in 0.036372 seconds
  Import took 0.042931 seconds .

========================================================================
Received Import Request.
  Time since last request: 10.727011 seconds.
  path: Assets/Scripts/MainManager.cs
  artifactKey: Guid(d110623a642692246a42fbc2d8d89884) Importer(815301076,1909f56bfc062723c751e8b465ee728b)
Start importing Assets/Scripts/MainManager.cs using Guid(d110623a642692246a42fbc2d8d89884) Importer(815301076,1909f56bfc062723c751e8b465ee728b)  -> (artifact id: 'd8a87f4892795b28eaaa1e461b497c7c') in 0.008753 seconds
  Import took 0.013963 seconds .

========================================================================
Received Import Request.
  Time since last request: 0.027557 seconds.
  path: Assets/Scripts/MainManager.cs
  artifactKey: Guid(d110623a642692246a42fbc2d8d89884) Importer(815301076,1909f56bfc062723c751e8b465ee728b)
Start importing Assets/Scripts/MainManager.cs using Guid(d110623a642692246a42fbc2d8d89884) Importer(815301076,1909f56bfc062723c751e8b465ee728b)  -> (artifact id: 'd8a87f4892795b28eaaa1e461b497c7c') in 0.004007 seconds
  Import took 0.009263 seconds .

========================================================================
Received Prepare
Registering precompiled user dll's ...
Registered in 0.104643 seconds.
Begin MonoManager ReloadAssembly
Native extension for WindowsStandalone target not found
Native extension for WebGL target not found
Refreshing native plugins compatible for Editor in 0.58 ms, found 2 plugins.
Preloading 0 native plugins for Editor in 0.00 ms.
Mono: successfully reloaded assembly
- Completed reload, in  1.376 seconds
Platform modules already initialized, skipping
Shader 'Universal Render Pipeline/Particles/Lit': fallback shader 'Universal Render Pipeline/Particles/SimpleLit' not found
Refreshing native plugins compatible for Editor in 0.52 ms, found 2 plugins.
Preloading 0 native plugins for Editor in 0.00 ms.
Unloading 2586 Unused Serialized files (Serialized files now loaded: 0)
System memory in use before: 116.8 MB.
System memory in use after: 117.0 MB.

Unloading 14 unused Assets to reduce memory usage. Loaded Objects now: 3164.
Total: 3.452900 ms (FindLiveObjects: 0.303100 ms CreateObjectMapping: 0.074600 ms MarkObjects: 3.041700 ms  DeleteObjects: 0.032100 ms)

========================================================================
Received Import Request.
  Time since last request: 160.454660 seconds.
  path: Assets/Scripts/MenuManager.cs
  artifactKey: Guid(67f415477ddb743409befd1e18ac33ab) Importer(815301076,1909f56bfc062723c751e8b465ee728b)
Start importing Assets/Scripts/MenuManager.cs using Guid(67f415477ddb743409befd1e18ac33ab) Importer(815301076,1909f56bfc062723c751e8b465ee728b)  -> (artifact id: '92fc0284d60e3ce92b909b12deb19ec5') in 0.012871 seconds
  Import took 0.017887 seconds .

========================================================================
Received Prepare
Registering precompiled user dll's ...
Registered in 0.003848 seconds.
Begin MonoManager ReloadAssembly
Native extension for WindowsStandalone target not found
Native extension for WebGL target not found
Refreshing native plugins compatible for Editor in 0.61 ms, found 2 plugins.
Preloading 0 native plugins for Editor in 0.00 ms.
Mono: successfully reloaded assembly
- Completed reload, in  1.309 seconds
Platform modules already initialized, skipping
Shader 'Universal Render Pipeline/Particles/Lit': fallback shader 'Universal Render Pipeline/Particles/SimpleLit' not found
Refreshing native plugins compatible for Editor in 0.54 ms, found 2 plugins.
Preloading 0 native plugins for Editor in 0.00 ms.
Unloading 2586 Unused Serialized files (Serialized files now loaded: 0)
System memory in use before: 116.8 MB.
System memory in use after: 117.0 MB.

Unloading 14 unused Assets to reduce memory usage. Loaded Objects now: 3167.
Total: 3.573500 ms (FindLiveObjects: 0.613800 ms CreateObjectMapping: 0.155400 ms MarkObjects: 2.776500 ms  DeleteObjects: 0.026400 ms)

========================================================================
Received Import Request.
  Time since last request: 28.419257 seconds.
  path: Assets/Scripts/MenuManager.cs
  artifactKey: Guid(67f415477ddb743409befd1e18ac33ab) Importer(815301076,1909f56bfc062723c751e8b465ee728b)
Start importing Assets/Scripts/MenuManager.cs using Guid(67f415477ddb743409befd1e18ac33ab) Importer(815301076,1909f56bfc062723c751e8b465ee728b)  -> (artifact id: '18fa3f3a3629decb62613045e9b402e1') in 0.006915 seconds
  Import took 0.011713 seconds .

========================================================================
Received Prepare
Registering precompiled user dll's ...
Registered in 0.005388 seconds.
Begin MonoManager ReloadAssembly
Native extension for WindowsStandalone target not found
Native extension for WebGL target not found
Refreshing native plugins compatible for Editor in 0.59 ms, found 2 plugins.
Preloading 0 native plugins for Editor in 0.00 ms.
Mono: successfully reloaded assembly
- Completed reload, in  1.294 seconds
Platform modules already initialized, skipping
Shader 'Universal Render Pipeline/Particles/Lit': fallback shader 'Universal Render Pipeline/Particles/SimpleLit' not found
Refreshing native plugins compatible for Editor in 0.72 ms, found 2 plugins.
Preloading 0 native plugins for Editor in 0.00 ms.
Unloading 2586 Unused Serialized files (Serialized files now loaded: 0)
System memory in use before: 116.8 MB.
System memory in use after: 117.0 MB.

Unloading 14 unused Assets to reduce memory usage. Loaded Objects now: 3170.
Total: 2.950400 ms (FindLiveObjects: 0.355500 ms CreateObjectMapping: 0.090500 ms MarkObjects: 2.480500 ms  DeleteObjects: 0.022200 ms)

========================================================================
Received Prepare
Registering precompiled user dll's ...
Registered in 0.003412 seconds.
Begin MonoManager ReloadAssembly
Native extension for WindowsStandalone target not found
Native extension for WebGL target not found
Refreshing native plugins compatible for Editor in 0.58 ms, found 2 plugins.
Preloading 0 native plugins for Editor in 0.00 ms.
Mono: successfully reloaded assembly
- Completed reload, in  1.294 seconds
Platform modules already initialized, skipping
Shader 'Universal Render Pipeline/Particles/Lit': fallback shader 'Universal Render Pipeline/Particles/SimpleLit' not found
Refreshing native plugins compatible for Editor in 0.61 ms, found 2 plugins.
Preloading 0 native plugins for Editor in 0.00 ms.
Unloading 2586 Unused Serialized files (Serialized files now loaded: 0)
System memory in use before: 116.8 MB.
System memory in use after: 117.0 MB.

Unloading 14 unused Assets to reduce memory usage. Loaded Objects now: 3173.
Total: 2.907800 ms (FindLiveObjects: 0.289000 ms CreateObjectMapping: 0.075500 ms MarkObjects: 2.511700 ms  DeleteObjects: 0.029700 ms)

========================================================================
Received Prepare
Registering precompiled user dll's ...
Registered in 0.003594 seconds.
Begin MonoManager ReloadAssembly
Native extension for WindowsStandalone target not found
Native extension for WebGL target not found
Refreshing native plugins compatible for Editor in 0.58 ms, found 2 plugins.
Preloading 0 native plugins for Editor in 0.00 ms.
Mono: successfully reloaded assembly
- Completed reload, in  1.305 seconds
Platform modules already initialized, skipping
Shader 'Universal Render Pipeline/Particles/Lit': fallback shader 'Universal Render Pipeline/Particles/SimpleLit' not found
Refreshing native plugins compatible for Editor in 0.52 ms, found 2 plugins.
Preloading 0 native plugins for Editor in 0.00 ms.
Unloading 2586 Unused Serialized files (Serialized files now loaded: 0)
System memory in use before: 116.9 MB.
System memory in use after: 117.1 MB.

Unloading 14 unused Assets to reduce memory usage. Loaded Objects now: 3176.
Total: 2.824100 ms (FindLiveObjects: 0.334800 ms CreateObjectMapping: 0.100400 ms MarkObjects: 2.363500 ms  DeleteObjects: 0.023800 ms)

========================================================================
Received Prepare
Registering precompiled user dll's ...
Registered in 0.004447 seconds.
Begin MonoManager ReloadAssembly
Native extension for WindowsStandalone target not found
Native extension for WebGL target not found
Refreshing native plugins compatible for Editor in 0.53 ms, found 2 plugins.
Preloading 0 native plugins for Editor in 0.00 ms.
Mono: successfully reloaded assembly
- Completed reload, in  1.426 seconds
Platform modules already initialized, skipping
Shader 'Universal Render Pipeline/Particles/Lit': fallback shader 'Universal Render Pipeline/Particles/SimpleLit' not found
Refreshing native plugins compatible for Editor in 0.56 ms, found 2 plugins.
Preloading 0 native plugins for Editor in 0.00 ms.
Unloading 2586 Unused Serialized files (Serialized files now loaded: 0)
System memory in use before: 116.9 MB.
System memory in use after: 117.1 MB.

Unloading 14 unused Assets to reduce memory usage. Loaded Objects now: 3179.
Total: 4.151500 ms (FindLiveObjects: 0.324800 ms CreateObjectMapping: 0.074300 ms MarkObjects: 3.722600 ms  DeleteObjects: 0.027700 ms)

========================================================================
Received Prepare
Registering precompiled user dll's ...
Registered in 0.004311 seconds.
Begin MonoManager ReloadAssembly
Native extension for WindowsStandalone target not found
Native extension for WebGL target not found
Refreshing native plugins compatible for Editor in 0.60 ms, found 2 plugins.
Preloading 0 native plugins for Editor in 0.00 ms.
Mono: successfully reloaded assembly
- Completed reload, in  1.372 seconds
Platform modules already initialized, skipping
Shader 'Universal Render Pipeline/Particles/Lit': fallback shader 'Universal Render Pipeline/Particles/SimpleLit' not found
Refreshing native plugins compatible for Editor in 0.58 ms, found 2 plugins.
Preloading 0 native plugins for Editor in 0.00 ms.
Unloading 2586 Unused Serialized files (Serialized files now loaded: 0)
System memory in use before: 116.9 MB.
System memory in use after: 117.1 MB.

Unloading 14 unused Assets to reduce memory usage. Loaded Objects now: 3182.
Total: 2.923400 ms (FindLiveObjects: 0.372400 ms CreateObjectMapping: 0.097800 ms MarkObjects: 2.423700 ms  DeleteObjects: 0.027900 ms)

========================================================================
Received Import Request.
  Time since last request: 530.900368 seconds.
  path: Assets/Scenes/StartMenu.unity
  artifactKey: Guid(8c5e8c576718f1f4e87c57d48041514c) Importer(815301076,1909f56bfc062723c751e8b465ee728b)
Start importing Assets/Scenes/StartMenu.unity using Guid(8c5e8c576718f1f4e87c57d48041514c) Importer(815301076,1909f56bfc062723c751e8b465ee728b)  -> (artifact id: '7187afb611b55227120158623d7e31a3') in 0.051744 seconds
  Import took 0.056488 seconds .

========================================================================
Received Prepare
Registering precompiled user dll's ...
Registered in 0.003980 seconds.
Begin MonoManager ReloadAssembly
Native extension for WindowsStandalone target not found
Native extension for WebGL target not found
Refreshing native plugins compatible for Editor in 0.57 ms, found 2 plugins.
Preloading 0 native plugins for Editor in 0.00 ms.
Mono: successfully reloaded assembly
- Completed reload, in  1.307 seconds
Platform modules already initialized, skipping
Shader 'Universal Render Pipeline/Particles/Lit': fallback shader 'Universal Render Pipeline/Particles/SimpleLit' not found
Refreshing native plugins compatible for Editor in 0.52 ms, found 2 plugins.
Preloading 0 native plugins for Editor in 0.00 ms.
Unloading 2586 Unused Serialized files (Serialized files now loaded: 0)
System memory in use before: 116.9 MB.
System memory in use after: 117.2 MB.

Unloading 14 unused Assets to reduce memory usage. Loaded Objects now: 3185.
Total: 2.834500 ms (FindLiveObjects: 0.299100 ms CreateObjectMapping: 0.072300 ms MarkObjects: 2.436600 ms  DeleteObjects: 0.024700 ms)

========================================================================
Received Prepare
Registering precompiled user dll's ...
Registered in 0.003560 seconds.
Begin MonoManager ReloadAssembly
Native extension for WindowsStandalone target not found
Native extension for WebGL target not found
Refreshing native plugins compatible for Editor in 0.55 ms, found 2 plugins.
Preloading 0 native plugins for Editor in 0.00 ms.
Mono: successfully reloaded assembly
- Completed reload, in  1.327 seconds
Platform modules already initialized, skipping
Shader 'Universal Render Pipeline/Particles/Lit': fallback shader 'Universal Render Pipeline/Particles/SimpleLit' not found
Refreshing native plugins compatible for Editor in 0.52 ms, found 2 plugins.
Preloading 0 native plugins for Editor in 0.00 ms.
Unloading 2586 Unused Serialized files (Serialized files now loaded: 0)
System memory in use before: 116.9 MB.
System memory in use after: 117.2 MB.

Unloading 14 unused Assets to reduce memory usage. Loaded Objects now: 3188.
Total: 2.892700 ms (FindLiveObjects: 0.330500 ms CreateObjectMapping: 0.076000 ms MarkObjects: 2.458500 ms  DeleteObjects: 0.026000 ms)

========================================================================
Received Prepare
Registering precompiled user dll's ...
Registered in 0.003812 seconds.
Begin MonoManager ReloadAssembly
Native extension for WindowsStandalone target not found
Native extension for WebGL target not found
Refreshing native plugins compatible for Editor in 0.59 ms, found 2 plugins.
Preloading 0 native plugins for Editor in 0.00 ms.
Mono: successfully reloaded assembly
- Completed reload, in  1.283 seconds
Platform modules already initialized, skipping
Shader 'Universal Render Pipeline/Particles/Lit': fallback shader 'Universal Render Pipeline/Particles/SimpleLit' not found
Refreshing native plugins compatible for Editor in 0.53 ms, found 2 plugins.
Preloading 0 native plugins for Editor in 0.00 ms.
Unloading 2586 Unused Serialized files (Serialized files now loaded: 0)
System memory in use before: 116.9 MB.
System memory in use after: 117.2 MB.

Unloading 14 unused Assets to reduce memory usage. Loaded Objects now: 3191.
Total: 3.044700 ms (FindLiveObjects: 0.303600 ms CreateObjectMapping: 0.074300 ms MarkObjects: 2.641900 ms  DeleteObjects: 0.023000 ms)

========================================================================
Received Import Request.
  Time since last request: 683.904716 seconds.
  path: Assets/Scenes/main.unity
  artifactKey: Guid(78a510c781f19db4da14f78ebb30946a) Importer(815301076,1909f56bfc062723c751e8b465ee728b)
Start importing Assets/Scenes/main.unity using Guid(78a510c781f19db4da14f78ebb30946a) Importer(815301076,1909f56bfc062723c751e8b465ee728b)  -> (artifact id: 'c50e1368c22acb3f1c0bca5494620490') in 0.036095 seconds
  Import took 0.041500 seconds .

========================================================================
Received Prepare
Registering precompiled user dll's ...
Registered in 0.003656 seconds.
Begin MonoManager ReloadAssembly
Native extension for WindowsStandalone target not found
Native extension for WebGL target not found
Refreshing native plugins compatible for Editor in 0.68 ms, found 2 plugins.
Preloading 0 native plugins for Editor in 0.00 ms.
Mono: successfully reloaded assembly
- Completed reload, in  1.300 seconds
Platform modules already initialized, skipping
Shader 'Universal Render Pipeline/Particles/Lit': fallback shader 'Universal Render Pipeline/Particles/SimpleLit' not found
Refreshing native plugins compatible for Editor in 0.64 ms, found 2 plugins.
Preloading 0 native plugins for Editor in 0.00 ms.
Unloading 2586 Unused Serialized files (Serialized files now loaded: 0)
System memory in use before: 116.9 MB.
System memory in use after: 117.2 MB.

Unloading 14 unused Assets to reduce memory usage. Loaded Objects now: 3194.
Total: 2.939600 ms (FindLiveObjects: 0.322900 ms CreateObjectMapping: 0.074900 ms MarkObjects: 2.514600 ms  DeleteObjects: 0.025900 ms)

========================================================================
Received Prepare
Registering precompiled user dll's ...
Registered in 0.003577 seconds.
Begin MonoManager ReloadAssembly
Native extension for WindowsStandalone target not found
Native extension for WebGL target not found
Refreshing native plugins compatible for Editor in 0.59 ms, found 2 plugins.
Preloading 0 native plugins for Editor in 0.00 ms.
Mono: successfully reloaded assembly
- Completed reload, in  1.301 seconds
Platform modules already initialized, skipping
Shader 'Universal Render Pipeline/Particles/Lit': fallback shader 'Universal Render Pipeline/Particles/SimpleLit' not found
Refreshing native plugins compatible for Editor in 0.57 ms, found 2 plugins.
Preloading 0 native plugins for Editor in 0.00 ms.
Unloading 2586 Unused Serialized files (Serialized files now loaded: 0)
System memory in use before: 117.0 MB.
System memory in use after: 117.2 MB.

Unloading 14 unused Assets to reduce memory usage. Loaded Objects now: 3197.
Total: 3.074900 ms (FindLiveObjects: 0.299100 ms CreateObjectMapping: 0.074000 ms MarkObjects: 2.673100 ms  DeleteObjects: 0.026900 ms)

========================================================================
Received Prepare
Registering precompiled user dll's ...
Registered in 0.003413 seconds.
Begin MonoManager ReloadAssembly
Native extension for WindowsStandalone target not found
Native extension for WebGL target not found
Refreshing native plugins compatible for Editor in 0.59 ms, found 2 plugins.
Preloading 0 native plugins for Editor in 0.00 ms.
Mono: successfully reloaded assembly
- Completed reload, in  1.292 seconds
Platform modules already initialized, skipping
Shader 'Universal Render Pipeline/Particles/Lit': fallback shader 'Universal Render Pipeline/Particles/SimpleLit' not found
Refreshing native plugins compatible for Editor in 0.52 ms, found 2 plugins.
Preloading 0 native plugins for Editor in 0.00 ms.
Unloading 2586 Unused Serialized files (Serialized files now loaded: 0)
System memory in use before: 117.0 MB.
System memory in use after: 117.2 MB.

Unloading 14 unused Assets to reduce memory usage. Loaded Objects now: 3200.
Total: 2.811900 ms (FindLiveObjects: 0.291900 ms CreateObjectMapping: 0.072600 ms MarkObjects: 2.424300 ms  DeleteObjects: 0.021800 ms)

========================================================================
Received Prepare
Registering precompiled user dll's ...
Registered in 0.003616 seconds.
Begin MonoManager ReloadAssembly
Native extension for WindowsStandalone target not found
Native extension for WebGL target not found
Refreshing native plugins compatible for Editor in 0.53 ms, found 2 plugins.
Preloading 0 native plugins for Editor in 0.00 ms.
Mono: successfully reloaded assembly
- Completed reload, in  1.327 seconds
Platform modules already initialized, skipping
Shader 'Universal Render Pipeline/Particles/Lit': fallback shader 'Universal Render Pipeline/Particles/SimpleLit' not found
Refreshing native plugins compatible for Editor in 0.59 ms, found 2 plugins.
Preloading 0 native plugins for Editor in 0.00 ms.
Unloading 2586 Unused Serialized files (Serialized files now loaded: 0)
System memory in use before: 117.0 MB.
System memory in use after: 117.2 MB.

Unloading 14 unused Assets to reduce memory usage. Loaded Objects now: 3203.
Total: 3.084700 ms (FindLiveObjects: 0.355600 ms CreateObjectMapping: 0.089600 ms MarkObjects: 2.612400 ms  DeleteObjects: 0.025200 ms)

========================================================================
Received Prepare
Registering precompiled user dll's ...
Registered in 0.003504 seconds.
Begin MonoManager ReloadAssembly
Native extension for WindowsStandalone target not found
Native extension for WebGL target not found
Refreshing native plugins compatible for Editor in 0.73 ms, found 2 plugins.
Preloading 0 native plugins for Editor in 0.00 ms.
Mono: successfully reloaded assembly
- Completed reload, in  1.331 seconds
Platform modules already initialized, skipping
Shader 'Universal Render Pipeline/Particles/Lit': fallback shader 'Universal Render Pipeline/Particles/SimpleLit' not found
Refreshing native plugins compatible for Editor in 0.60 ms, found 2 plugins.
Preloading 0 native plugins for Editor in 0.00 ms.
Unloading 2586 Unused Serialized files (Serialized files now loaded: 0)
System memory in use before: 117.0 MB.
System memory in use after: 117.2 MB.

Unloading 14 unused Assets to reduce memory usage. Loaded Objects now: 3206.
Total: 2.775400 ms (FindLiveObjects: 0.314800 ms CreateObjectMapping: 0.075300 ms MarkObjects: 2.355600 ms  DeleteObjects: 0.027900 ms)

========================================================================
Received Import Request.
  Time since last request: 329.190046 seconds.
  path: Assets/Scenes/main.unity
  artifactKey: Guid(78a510c781f19db4da14f78ebb30946a) Importer(815301076,1909f56bfc062723c751e8b465ee728b)
Start importing Assets/Scenes/main.unity using Guid(78a510c781f19db4da14f78ebb30946a) Importer(815301076,1909f56bfc062723c751e8b465ee728b)  -> (artifact id: 'c51cb81734a5ed05c4064206dc0ce0ed') in 0.038044 seconds
  Import took 0.043409 seconds .

========================================================================
Received Prepare
Registering precompiled user dll's ...
Registered in 0.003387 seconds.
Begin MonoManager ReloadAssembly
Native extension for WindowsStandalone target not found
Native extension for WebGL target not found
Refreshing native plugins compatible for Editor in 0.58 ms, found 2 plugins.
Preloading 0 native plugins for Editor in 0.00 ms.
Mono: successfully reloaded assembly
- Completed reload, in  1.326 seconds
Platform modules already initialized, skipping
Shader 'Universal Render Pipeline/Particles/Lit': fallback shader 'Universal Render Pipeline/Particles/SimpleLit' not found
Refreshing native plugins compatible for Editor in 0.62 ms, found 2 plugins.
Preloading 0 native plugins for Editor in 0.00 ms.
Unloading 2586 Unused Serialized files (Serialized files now loaded: 0)
System memory in use before: 117.0 MB.
System memory in use after: 117.2 MB.

Unloading 14 unused Assets to reduce memory usage. Loaded Objects now: 3209.
Total: 2.902600 ms (FindLiveObjects: 0.262300 ms CreateObjectMapping: 0.083000 ms MarkObjects: 2.527300 ms  DeleteObjects: 0.028200 ms)

========================================================================
Received Import Request.
  Time since last request: 65.673443 seconds.
  path: Assets/Scenes/main.unity
  artifactKey: Guid(78a510c781f19db4da14f78ebb30946a) Importer(815301076,1909f56bfc062723c751e8b465ee728b)
Start importing Assets/Scenes/main.unity using Guid(78a510c781f19db4da14f78ebb30946a) Importer(815301076,1909f56bfc062723c751e8b465ee728b)  -> (artifact id: 'c52d1457852e2ca7144159986af48da2') in 0.019416 seconds
  Import took 0.025063 seconds .

========================================================================
Received Prepare
Registering precompiled user dll's ...
Registered in 0.003278 seconds.
Begin MonoManager ReloadAssembly
Native extension for WindowsStandalone target not found
Native extension for WebGL target not found
Refreshing native plugins compatible for Editor in 0.58 ms, found 2 plugins.
Preloading 0 native plugins for Editor in 0.00 ms.
Mono: successfully reloaded assembly
- Completed reload, in  1.324 seconds
Platform modules already initialized, skipping
Shader 'Universal Render Pipeline/Particles/Lit': fallback shader 'Universal Render Pipeline/Particles/SimpleLit' not found
Refreshing native plugins compatible for Editor in 0.60 ms, found 2 plugins.
Preloading 0 native plugins for Editor in 0.00 ms.
Unloading 2586 Unused Serialized files (Serialized files now loaded: 0)
System memory in use before: 117.0 MB.
System memory in use after: 117.2 MB.

Unloading 14 unused Assets to reduce memory usage. Loaded Objects now: 3212.
Total: 3.050700 ms (FindLiveObjects: 0.379500 ms CreateObjectMapping: 0.085800 ms MarkObjects: 2.558900 ms  DeleteObjects: 0.024500 ms)

========================================================================
Received Prepare
Registering precompiled user dll's ...
Registered in 0.003633 seconds.
Begin MonoManager ReloadAssembly
Native extension for WindowsStandalone target not found
Native extension for WebGL target not found
Refreshing native plugins compatible for Editor in 0.68 ms, found 2 plugins.
Preloading 0 native plugins for Editor in 0.00 ms.
Mono: successfully reloaded assembly
- Completed reload, in  1.312 seconds
Platform modules already initialized, skipping
Shader 'Universal Render Pipeline/Particles/Lit': fallback shader 'Universal Render Pipeline/Particles/SimpleLit' not found
Refreshing native plugins compatible for Editor in 0.51 ms, found 2 plugins.
Preloading 0 native plugins for Editor in 0.00 ms.
Unloading 2586 Unused Serialized files (Serialized files now loaded: 0)
System memory in use before: 117.0 MB.
System memory in use after: 117.2 MB.

Unloading 14 unused Assets to reduce memory usage. Loaded Objects now: 3215.
Total: 2.903900 ms (FindLiveObjects: 0.365700 ms CreateObjectMapping: 0.081600 ms MarkObjects: 2.433100 ms  DeleteObjects: 0.021600 ms)

========================================================================
Received Prepare
Registering precompiled user dll's ...
Registered in 0.004091 seconds.
Begin MonoManager ReloadAssembly
Native extension for WindowsStandalone target not found
Native extension for WebGL target not found
Refreshing native plugins compatible for Editor in 0.55 ms, found 2 plugins.
Preloading 0 native plugins for Editor in 0.00 ms.
Mono: successfully reloaded assembly
- Completed reload, in  1.306 seconds
Platform modules already initialized, skipping
Shader 'Universal Render Pipeline/Particles/Lit': fallback shader 'Universal Render Pipeline/Particles/SimpleLit' not found
Refreshing native plugins compatible for Editor in 0.51 ms, found 2 plugins.
Preloading 0 native plugins for Editor in 0.00 ms.
Unloading 2586 Unused Serialized files (Serialized files now loaded: 0)
System memory in use before: 117.0 MB.
System memory in use after: 117.2 MB.

Unloading 14 unused Assets to reduce memory usage. Loaded Objects now: 3218.
Total: 3.201400 ms (FindLiveObjects: 0.323000 ms CreateObjectMapping: 0.095100 ms MarkObjects: 2.754700 ms  DeleteObjects: 0.026500 ms)

